---------- Date: 2018-08-30 03:24:31 ~ IP : 127.0.0.1 ----------
REQUEST URI : /
MOD DETAILS:
   modFile   : D:\OSPanel\domains\inlineoc.loc\vqmod/xml/all.install.ocmod.xml
   id        : 
   version   : OpenCart Version 2.2
   vqmver    : 2.0.0
   author    : Rupak Nepali

File Name    : catalog/view/theme/*/template/common/header.tpl(0)
VQModObject::applyMod - SEARCH NOT FOUND (ABORTING MOD): <ul class="nav navbar-nav">
----------------------------------------------------------------------


---------- Date: 2018-08-30 06:08:50 ~ IP : 127.0.0.1 ----------
REQUEST URI : /
MOD DETAILS:
   modFile   : D:\OSPanel\domains\inlineoc.loc\vqmod/xml/all.install.ocmod.xml
   id        : 
   version   : OpenCart Version 2.2
   vqmver    : 2.0.0
   author    : Rupak Nepali

File Name    : catalog/view/theme/*/template/common/header.tpl(0)
VQModObject::applyMod - SEARCH NOT FOUND (ABORTING MOD): <ul class="nav navbar-nav">
----------------------------------------------------------------------


---------- Date: 2018-08-30 06:09:08 ~ IP : 127.0.0.1 ----------
REQUEST URI : /
MOD DETAILS:
   modFile   : D:\OSPanel\domains\inlineoc.loc\vqmod/xml/all.install.ocmod.xml
   id        : 
   version   : OpenCart Version 2.2
   vqmver    : 2.0.0
   author    : Rupak Nepali

File Name    : catalog/view/theme/*/template/common/header.tpl(0)
VQModObject::applyMod - SEARCH NOT FOUND (ABORTING MOD): <ul class="nav navbar-nav">
----------------------------------------------------------------------


---------- Date: 2018-08-30 06:10:38 ~ IP : 127.0.0.1 ----------
REQUEST URI : /
MOD DETAILS:
   modFile   : D:\OSPanel\domains\inlineoc.loc\vqmod/xml/all.install.ocmod.xml
   id        : 
   version   : OpenCart Version 2.2
   vqmver    : 2.0.0
   author    : Rupak Nepali

File Name    : catalog/view/theme/*/template/common/header.tpl(0)
VQModObject::applyMod - SEARCH NOT FOUND (ABORTING MOD): <ul class="nav navbar-nav">
----------------------------------------------------------------------


---------- Date: 2018-08-30 06:15:41 ~ IP : 127.0.0.1 ----------
REQUEST URI : /
MOD DETAILS:
   modFile   : D:\OSPanel\domains\inlineoc.loc\vqmod/xml/all.install.ocmod.xml
   id        : 
   version   : OpenCart Version 2.2
   vqmver    : 2.0.0
   author    : Rupak Nepali

File Name    : catalog/view/theme/*/template/common/header.tpl(0)
VQModObject::applyMod - SEARCH NOT FOUND (ABORTING MOD): <ul class="nav navbar-nav">
----------------------------------------------------------------------


---------- Date: 2018-08-30 06:16:35 ~ IP : 127.0.0.1 ----------
REQUEST URI : /
MOD DETAILS:
   modFile   : D:\OSPanel\domains\inlineoc.loc\vqmod/xml/all.install.ocmod.xml
   id        : 
   version   : OpenCart Version 2.2
   vqmver    : 2.0.0
   author    : Rupak Nepali

File Name    : catalog/view/theme/*/template/common/header.tpl(0)
VQModObject::applyMod - SEARCH NOT FOUND (ABORTING MOD): <ul class="nav navbar-nav">
----------------------------------------------------------------------


---------- Date: 2018-08-30 06:19:14 ~ IP : 127.0.0.1 ----------
REQUEST URI : /
MOD DETAILS:
   modFile   : D:\OSPanel\domains\inlineoc.loc\vqmod/xml/all.install.ocmod.xml
   id        : 
   version   : OpenCart Version 2.2
   vqmver    : 2.0.0
   author    : Rupak Nepali

File Name    : catalog/view/theme/*/template/common/header.tpl(0)
VQModObject::applyMod - SEARCH NOT FOUND (ABORTING MOD): <ul class="nav navbar-nav">
----------------------------------------------------------------------


---------- Date: 2018-08-30 06:42:51 ~ IP : 127.0.0.1 ----------
REQUEST URI : /
MOD DETAILS:
   modFile   : D:\OSPanel\domains\inlineoc.loc\vqmod/xml/cosyone_blog.xml
   id        : OPENCART BLOG
   version   : 1.0
   vqmver    : 2.5.0
   author    : Karl Pers - openthemer@gmail.com

File Name    : catalog/controller/startup/seo_url.php(4)
VQModObject::applyMod - SEARCH NOT FOUND (SKIPPED): ($data['route'] == 'information/information' && $key == 'information_id'))
MOD DETAILS:
   modFile   : D:\OSPanel\domains\inlineoc.loc\vqmod/xml/all.install.ocmod.xml
   id        : 
   version   : OpenCart Version 2.2
   vqmver    : 2.0.0
   author    : Rupak Nepali

File Name    : catalog/view/theme/*/template/common/header.tpl(0)
VQModObject::applyMod - SEARCH NOT FOUND (ABORTING MOD): <ul class="nav navbar-nav">
----------------------------------------------------------------------


---------- Date: 2018-08-30 06:43:26 ~ IP : 127.0.0.1 ----------
REQUEST URI : /
MOD DETAILS:
   modFile   : D:\OSPanel\domains\inlineoc.loc\vqmod/xml/cosyone_blog.xml
   id        : OPENCART BLOG
   version   : 1.0
   vqmver    : 2.5.0
   author    : Karl Pers - openthemer@gmail.com

File Name    : catalog/controller/startup/seo_url.php(4)
VQModObject::applyMod - SEARCH NOT FOUND (SKIPPED): ($data['route'] == 'information/information' && $key == 'information_id'))
MOD DETAILS:
   modFile   : D:\OSPanel\domains\inlineoc.loc\vqmod/xml/all.install.ocmod.xml
   id        : 
   version   : OpenCart Version 2.2
   vqmver    : 2.0.0
   author    : Rupak Nepali

File Name    : catalog/view/theme/*/template/common/header.tpl(0)
VQModObject::applyMod - SEARCH NOT FOUND (ABORTING MOD): <ul class="nav navbar-nav">
----------------------------------------------------------------------


---------- Date: 2018-08-30 06:44:41 ~ IP : 127.0.0.1 ----------
REQUEST URI : /
MOD DETAILS:
   modFile   : D:\OSPanel\domains\inlineoc.loc\vqmod/xml/cosyone_blog.xml
   id        : OPENCART BLOG
   version   : 1.0
   vqmver    : 2.5.0
   author    : Karl Pers - openthemer@gmail.com

File Name    : catalog/controller/startup/seo_url.php(4)
VQModObject::applyMod - SEARCH NOT FOUND (SKIPPED): ($data['route'] == 'information/information' && $key == 'information_id'))
MOD DETAILS:
   modFile   : D:\OSPanel\domains\inlineoc.loc\vqmod/xml/all.install.ocmod.xml
   id        : 
   version   : OpenCart Version 2.2
   vqmver    : 2.0.0
   author    : Rupak Nepali

File Name    : catalog/view/theme/*/template/common/header.tpl(0)
VQModObject::applyMod - SEARCH NOT FOUND (ABORTING MOD): <ul class="nav navbar-nav">
----------------------------------------------------------------------


---------- Date: 2018-08-30 07:05:40 ~ IP : 127.0.0.1 ----------
REQUEST URI : /
MOD DETAILS:
   modFile   : D:\OSPanel\domains\inlineoc.loc\vqmod/xml/cosyone_blog.xml
   id        : OPENCART BLOG
   version   : 1.0
   vqmver    : 2.5.0
   author    : Karl Pers - openthemer@gmail.com

File Name    : catalog/controller/startup/seo_url.php(4)
VQModObject::applyMod - SEARCH NOT FOUND (SKIPPED): ($data['route'] == 'information/information' && $key == 'information_id'))
MOD DETAILS:
   modFile   : D:\OSPanel\domains\inlineoc.loc\vqmod/xml/all.install.ocmod.xml
   id        : 
   version   : OpenCart Version 2.2
   vqmver    : 2.0.0
   author    : Rupak Nepali

File Name    : catalog/view/theme/*/template/common/header.tpl(0)
VQModObject::applyMod - SEARCH NOT FOUND (ABORTING MOD): <ul class="nav navbar-nav">
----------------------------------------------------------------------


